D:\Initiatives\BrianStrange\BrianStrange\dist\out-tsc\e2e\app.po.js
D:\Initiatives\BrianStrange\BrianStrange\dist\out-tsc\e2e\app.po.js.map
D:\Initiatives\BrianStrange\BrianStrange\dist\out-tsc\e2e\app.e2e-spec.js
D:\Initiatives\BrianStrange\BrianStrange\dist\out-tsc\e2e\app.e2e-spec.js.map
D:\Initiatives\BrianStrange\BrianStrange\dist\out-tsc\src\app\app.component.js
D:\Initiatives\BrianStrange\BrianStrange\dist\out-tsc\src\app\app.component.js.map
D:\Initiatives\BrianStrange\BrianStrange\dist\out-tsc\src\app\home\home.component.js
D:\Initiatives\BrianStrange\BrianStrange\dist\out-tsc\src\app\home\home.component.js.map
D:\Initiatives\BrianStrange\BrianStrange\dist\out-tsc\src\app\delay-flight-predictor\delay-flight-predictor.component.js
D:\Initiatives\BrianStrange\BrianStrange\dist\out-tsc\src\app\delay-flight-predictor\delay-flight-predictor.component.js.map
D:\Initiatives\BrianStrange\BrianStrange\dist\out-tsc\src\app\app.module.js
D:\Initiatives\BrianStrange\BrianStrange\dist\out-tsc\src\app\app.module.js.map
D:\Initiatives\BrianStrange\BrianStrange\dist\out-tsc\src\environments\environment.js
D:\Initiatives\BrianStrange\BrianStrange\dist\out-tsc\src\environments\environment.js.map
D:\Initiatives\BrianStrange\BrianStrange\dist\out-tsc\src\main.js
D:\Initiatives\BrianStrange\BrianStrange\dist\out-tsc\src\main.js.map
D:\Initiatives\BrianStrange\BrianStrange\dist\out-tsc\src\polyfills.js
D:\Initiatives\BrianStrange\BrianStrange\dist\out-tsc\src\polyfills.js.map
D:\Initiatives\BrianStrange\BrianStrange\dist\out-tsc\src\test.js
D:\Initiatives\BrianStrange\BrianStrange\dist\out-tsc\src\test.js.map
D:\Initiatives\BrianStrange\BrianStrange\dist\out-tsc\src\app\app.component.spec.js
D:\Initiatives\BrianStrange\BrianStrange\dist\out-tsc\src\app\app.component.spec.js.map
D:\Initiatives\BrianStrange\BrianStrange\dist\out-tsc\src\environments\environment.prod.js
D:\Initiatives\BrianStrange\BrianStrange\dist\out-tsc\src\environments\environment.prod.js.map
D:\Initiatives\BrianStrange\BrianStrange\dist\out-tsc\src\app\home-main\home-main.component.js
D:\Initiatives\BrianStrange\BrianStrange\dist\out-tsc\src\app\home-main\home-main.component.js.map
D:\Initiatives\BrianStrange\BrianStrange\dist\out-tsc\src\app\profile\profile.component.js
D:\Initiatives\BrianStrange\BrianStrange\dist\out-tsc\src\app\profile\profile.component.js.map
